<?xml version="1.0" encoding="UTF-8"?>
<!-- Generated by org.testng.reporters.JUnitReportReporter -->
<testsuite hostname="Avijeet-Desktop" failures="0" tests="1" name="com.hubspot.keywordDriven.LoginTest" time="1.152" errors="0" timestamp="2022-07-22T14:21:27 IST" skipped="0">
  <testcase classname="com.hubspot.keywordDriven.LoginTest" name="LoginTest" time="1.152"/>
  <system-out/>
</testsuite> <!-- com.hubspot.keywordDriven.LoginTest -->
